--------------------------------------------------------------------------------
CPU name:	Intel(R) Xeon(R) CPU E5-2650 0 @ 2.00GHz
CPU type:	Intel Xeon SandyBridge EN/EP processor
CPU clock:	2.00 GHz
--------------------------------------------------------------------------------


 NAS Parallel Benchmarks (NPB3.3-OMP) - CG Benchmark

 Size:       75000
 Iterations:                     75
 Number of available threads:    32

 Initialization time =           0.945 seconds

   iteration           ||r||                 zeta
        1       0.22769453552455E-12    59.9994751578754
        2       0.84725138149016E-15    21.7627846142539
        3       0.86320587402399E-15    22.2876617043225
        4       0.86056472406729E-15    22.5230738188352
        5       0.87100598689755E-15    22.6275390653890
        6       0.86779568977244E-15    22.6740259189537
        7       0.87140503785402E-15    22.6949056826253
        8       0.88245611413687E-15    22.7044023166871
        9       0.88347849261084E-15    22.7087834345616
       10       0.88413615026629E-15    22.7108351397172
       11       0.87769726112201E-15    22.7118107121337
       12       0.88719297387752E-15    22.7122816240973
       13       0.87848666790584E-15    22.7125122663245
       14       0.88470741362488E-15    22.7126268007597
       15       0.87410127449688E-15    22.7126844161817
       16       0.87975059214000E-15    22.7127137461757
       17       0.88119295317680E-15    22.7127288401997
       18       0.88232210634356E-15    22.7127366848297
       19       0.88077121223457E-15    22.7127407981219
       20       0.87734069593469E-15    22.7127429721364
       21       0.87277304653429E-15    22.7127441294027
       22       0.87970990823236E-15    22.7127447493900
       23       0.87508735346985E-15    22.7127450834528
       24       0.87568622351987E-15    22.7127452643879
       25       0.87605849877023E-15    22.7127453628459
       26       0.87871099725597E-15    22.7127454166513
       27       0.87959598520114E-15    22.7127454461692
       28       0.87895059506779E-15    22.7127454624205
       29       0.88253328097614E-15    22.7127454713970
       30       0.87821011515624E-15    22.7127454763704
       31       0.88187794279711E-15    22.7127454791336
       32       0.87866760213019E-15    22.7127454806729
       33       0.87334414167490E-15    22.7127454815324
       34       0.87325721591726E-15    22.7127454820135
       35       0.86922532433894E-15    22.7127454822834
       36       0.87342553495127E-15    22.7127454824351
       37       0.87483482422274E-15    22.7127454825205
       38       0.87420972111940E-15    22.7127454825688
       39       0.87680098346961E-15    22.7127454825960
       40       0.87137013143707E-15    22.7127454826114
       41       0.87276533115432E-15    22.7127454826201
       42       0.87134235976423E-15    22.7127454826251
       43       0.87253794114621E-15    22.7127454826279
       44       0.87218366001102E-15    22.7127454826295
       45       0.87425593043445E-15    22.7127454826305
       46       0.86427264458502E-15    22.7127454826310
       47       0.86895571960194E-15    22.7127454826313
       48       0.86543812635047E-15    22.7127454826315
       49       0.87075016381975E-15    22.7127454826316
       50       0.87007063273616E-15    22.7127454826316
       51       0.86891711036018E-15    22.7127454826316
       52       0.87025369537069E-15    22.7127454826317
       53       0.87345315669700E-15    22.7127454826317
       54       0.86448601401515E-15    22.7127454826317
       55       0.86922639142467E-15    22.7127454826317
       56       0.86812557825912E-15    22.7127454826317
       57       0.86975982437677E-15    22.7127454826317
       58       0.86535896983531E-15    22.7127454826317
       59       0.86302271253803E-15    22.7127454826317
       60       0.85946856177270E-15    22.7127454826317
       61       0.86437853990009E-15    22.7127454826317
       62       0.87110969149216E-15    22.7127454826317
       63       0.86773021434281E-15    22.7127454826317
       64       0.86406381561420E-15    22.7127454826317
       65       0.86411767147636E-15    22.7127454826317
       66       0.85843008672614E-15    22.7127454826317
       67       0.86051914087720E-15    22.7127454826317
       68       0.86110097553177E-15    22.7127454826317
       69       0.85269910122781E-15    22.7127454826317
       70       0.86184048714734E-15    22.7127454826317
       71       0.86051127123185E-15    22.7127454826317
       72       0.86284760112021E-15    22.7127454826317
       73       0.86451892002955E-15    22.7127454826317
       74       0.86073318043899E-15    22.7127454826317
       75       0.86168080032644E-15    22.7127454826317
 Benchmark completed 
 VERIFICATION SUCCESSFUL 
 Zeta is     0.2271274548263E+02
 Error is    0.3034536067929E-13


 CG Benchmark Completed.
 Class           =                        B
 Size            =                    75000
 Iterations      =                       75
 Time in seconds =                    47.43
 Total threads   =                       32
 Avail threads   =                       32
 Mop/s total     =                  1153.46
 Mop/s/thread    =                    36.05
 Operation type  =           floating point
 Verification    =               SUCCESSFUL
 Version         =                    3.3.1
 Compile date    =              13 Aug 2016

 Compile options:
    F77          = gfortran
    FLINK        = $(F77)
    F_LIB        = -fopenmp
    F_INC        = -fopenmp
    FFLAGS       = -O -fopenmp 
    FLINKFLAGS   = -O
    RAND         = randi8


 Please send all errors/feedbacks to:

 NPB Development Team
 npb@nas.nasa.gov


--------------------------------------------------------------------------------
